[    0.000000] Linux version 4.15.0-99-generic (buildd@lcy01-amd64-013) (gcc version 7.5.0 (Ubuntu 7.5.0-3ubuntu1~18.04)) #100-Ubuntu SMP Wed Apr 22 20:32:56 UTC 2020 (Ubuntu 4.15.0-99.100-generic 4.15.18)
[    0.000000] Command line: BOOT_IMAGE=/boot/vmlinuz-4.15.0-99-generic root=LABEL=cloudimg-rootfs ro console=tty1 console=ttyS0
[    0.000000] KERNEL supported cpus:
[    0.000000]   Intel GenuineIntel
[    0.000000]   AMD AuthenticAMD
[    0.000000]   Centaur CentaurHauls
[    0.000000] x86/fpu: Supporting XSAVE feature 0x001: 'x87 floating point registers'
[    0.000000] x86/fpu: Supporting XSAVE feature 0x002: 'SSE registers'
[    0.000000] x86/fpu: Supporting XSAVE feature 0x004: 'AVX registers'
[    0.000000] x86/fpu: xstate_offset[2]:  576, xstate_sizes[2]:  256
[    0.000000] x86/fpu: Enabled xstate features 0x7, context size is 832 bytes, using 'standard' format.
[    0.000000] e820: BIOS-provided physical RAM map:
[    0.000000] BIOS-e820: [mem 0x0000000000000000-0x000000000009fbff] usable
[    0.000000] BIOS-e820: [mem 0x000000000009fc00-0x000000000009ffff] reserved
[    0.000000] BIOS-e820: [mem 0x00000000000f0000-0x00000000000fffff] reserved
[    0.000000] BIOS-e820: [mem 0x0000000000100000-0x000000003ffeffff] usable
[    0.000000] BIOS-e820: [mem 0x000000003fff0000-0x000000003fffffff] ACPI data
[    0.000000] BIOS-e820: [mem 0x00000000fec00000-0x00000000fec00fff] reserved
[    0.000000] BIOS-e820: [mem 0x00000000fee00000-0x00000000fee00fff] reserved
[    0.000000] BIOS-e820: [mem 0x00000000fffc0000-0x00000000ffffffff] reserved
[    0.000000] NX (Execute Disable) protection: active
[    0.000000] SMBIOS 2.5 present.
[    0.000000] DMI: innotek GmbH VirtualBox/VirtualBox, BIOS VirtualBox 12/01/2006
[    0.000000] Hypervisor detected: KVM
[    0.000000] e820: last_pfn = 0x3fff0 max_arch_pfn = 0x400000000
[    0.000000] MTRR: Disabled
[    0.000000] x86/PAT: MTRRs disabled, skipping PAT initialization too.
[    0.000000] CPU MTRRs all blank - virtualized system.
[    0.000000] x86/PAT: Configuration [0-7]: WB  WT  UC- UC  WB  WT  UC- UC  
[    0.000000] found SMP MP-table at [mem 0x0009fff0-0x0009ffff]
[    0.000000] Scanning 1 areas for low memory corruption
[    0.000000] RAMDISK: [mem 0x35a6b000-0x36d2cfff]
[    0.000000] ACPI: Early table checksum verification disabled
[    0.000000] ACPI: RSDP 0x00000000000E0000 000024 (v02 VBOX  )
[    0.000000] ACPI: XSDT 0x000000003FFF0030 00003C (v01 VBOX   VBOXXSDT 00000001 ASL  00000061)
[    0.000000] ACPI: FACP 0x000000003FFF00F0 0000F4 (v04 VBOX   VBOXFACP 00000001 ASL  00000061)
[    0.000000] ACPI: DSDT 0x000000003FFF0470 002325 (v02 VBOX   VBOXBIOS 00000002 INTL 20180105)
[    0.000000] ACPI: FACS 0x000000003FFF0200 000040
[    0.000000] ACPI: FACS 0x000000003FFF0200 000040
[    0.000000] ACPI: APIC 0x000000003FFF0240 00005C (v02 VBOX   VBOXAPIC 00000001 ASL  00000061)
[    0.000000] ACPI: SSDT 0x000000003FFF02A0 0001CC (v01 VBOX   VBOXCPUT 00000002 INTL 20180105)
[    0.000000] No NUMA configuration found
[    0.000000] Faking a node at [mem 0x0000000000000000-0x000000003ffeffff]
[    0.000000] NODE_DATA(0) allocated [mem 0x3ffc5000-0x3ffeffff]
[    0.000000] kvm-clock: cpu 0, msr 0:3ff44001, primary cpu clock
[    0.000000] kvm-clock: Using msrs 4b564d01 and 4b564d00
[    0.000000] kvm-clock: using sched offset of 3302696233 cycles
[    0.000000] clocksource: kvm-clock: mask: 0xffffffffffffffff max_cycles: 0x1cd42e4dffb, max_idle_ns: 881590591483 ns
[    0.000000] Zone ranges:
[    0.000000]   DMA      [mem 0x0000000000001000-0x0000000000ffffff]
[    0.000000]   DMA32    [mem 0x0000000001000000-0x000000003ffeffff]
[    0.000000]   Normal   empty
[    0.000000]   Device   empty
[    0.000000] Movable zone start for each node
[    0.000000] Early memory node ranges
[    0.000000]   node   0: [mem 0x0000000000001000-0x000000000009efff]
[    0.000000]   node   0: [mem 0x0000000000100000-0x000000003ffeffff]
[    0.000000] Reserved but unavailable: 98 pages
[    0.000000] Initmem setup node 0 [mem 0x0000000000001000-0x000000003ffeffff]
[    0.000000] ACPI: PM-Timer IO Port: 0x4008
[    0.000000] IOAPIC[0]: apic_id 2, version 32, address 0xfec00000, GSI 0-23
[    0.000000] ACPI: INT_SRC_OVR (bus 0 bus_irq 0 global_irq 2 dfl dfl)
[    0.000000] ACPI: INT_SRC_OVR (bus 0 bus_irq 9 global_irq 9 low level)
[    0.000000] Using ACPI (MADT) for SMP configuration information
[    0.000000] smpboot: Allowing 2 CPUs, 0 hotplug CPUs
[    0.000000] PM: Registered nosave memory: [mem 0x00000000-0x00000fff]
[    0.000000] PM: Registered nosave memory: [mem 0x0009f000-0x0009ffff]
[    0.000000] PM: Registered nosave memory: [mem 0x000a0000-0x000effff]
[    0.000000] PM: Registered nosave memory: [mem 0x000f0000-0x000fffff]
[    0.000000] e820: [mem 0x40000000-0xfebfffff] available for PCI devices
[    0.000000] Booting paravirtualized kernel on KVM
[    0.000000] clocksource: refined-jiffies: mask: 0xffffffff max_cycles: 0xffffffff, max_idle_ns: 7645519600211568 ns
[    0.000000] random: get_random_bytes called from start_kernel+0x99/0x4fd with crng_init=0
[    0.000000] setup_percpu: NR_CPUS:8192 nr_cpumask_bits:2 nr_cpu_ids:2 nr_node_ids:1
[    0.000000] percpu: Embedded 45 pages/cpu s147456 r8192 d28672 u1048576
[    0.000000] PV qspinlock hash table entries: 256 (order: 0, 4096 bytes)
[    0.000000] Built 1 zonelists, mobility grouping on.  Total pages: 257913
[    0.000000] Policy zone: DMA32
[    0.000000] Kernel command line: BOOT_IMAGE=/boot/vmlinuz-4.15.0-99-generic root=LABEL=cloudimg-rootfs ro console=tty1 console=ttyS0
[    0.000000] Memory: 983060K/1048120K available (12300K kernel code, 2481K rwdata, 4268K rodata, 2432K init, 2712K bss, 65060K reserved, 0K cma-reserved)
[    0.000000] SLUB: HWalign=64, Order=0-3, MinObjects=0, CPUs=2, Nodes=1
[    0.000000] Kernel/User page tables isolation: enabled
[    0.000000] ftrace: allocating 39364 entries in 154 pages
[    0.004000] Hierarchical RCU implementation.
[    0.004000] 	RCU restricting CPUs from NR_CPUS=8192 to nr_cpu_ids=2.
[    0.004000] 	Tasks RCU enabled.
[    0.004000] RCU: Adjusting geometry for rcu_fanout_leaf=16, nr_cpu_ids=2
[    0.004000] NR_IRQS: 524544, nr_irqs: 440, preallocated irqs: 16
[    0.004000] Console: colour VGA+ 80x25
[    0.004000] console [tty1] enabled
[    0.004000] console [ttyS0] enabled
[    0.004000] ACPI: Core revision 20170831
[    0.004000] ACPI: 2 ACPI AML tables successfully acquired and loaded
[    0.004000] APIC: Switch to symmetric I/O mode setup
[    0.004000] x2apic enabled
[    0.004000] Switched APIC routing to physical x2apic.
[    0.004000] ..TIMER: vector=0x30 apic1=0 pin1=2 apic2=-1 pin2=-1
[    0.004000] tsc: Detected 3398.028 MHz processor
[    0.004009] Calibrating delay loop (skipped) preset value.. 6796.05 BogoMIPS (lpj=13592112)
[    0.005136] pid_max: default: 32768 minimum: 301
[    0.005792] Security Framework initialized
[    0.006365] Yama: becoming mindful.
[    0.006883] AppArmor: AppArmor initialized
[    0.007964] Dentry cache hash table entries: 131072 (order: 8, 1048576 bytes)
[    0.008060] Inode-cache hash table entries: 65536 (order: 7, 524288 bytes)
[    0.008939] Mount-cache hash table entries: 2048 (order: 2, 16384 bytes)
[    0.009888] Mountpoint-cache hash table entries: 2048 (order: 2, 16384 bytes)
[    0.011027] Last level iTLB entries: 4KB 1024, 2MB 1024, 4MB 1024
[    0.012002] Last level dTLB entries: 4KB 1024, 2MB 1024, 4MB 1024, 1GB 4
[    0.012867] Spectre V1 : Mitigation: usercopy/swapgs barriers and __user pointer sanitization
[    0.013953] Spectre V2 : Mitigation: Full generic retpoline
[    0.014701] Spectre V2 : Spectre v2 / SpectreRSB mitigation: Filling RSB on context switch
[    0.016001] Speculative Store Bypass: Vulnerable
[    0.016650] MDS: Mitigation: Clear CPU buffers
[    0.017377] Freeing SMP alternatives memory: 36K
[    0.128484] smpboot: CPU0: Intel(R) Core(TM) i5-4670 CPU @ 3.40GHz (family: 0x6, model: 0x3c, stepping: 0x3)
[    0.129920] Performance Events: unsupported p6 CPU model 60 no PMU driver, software events only.
[    0.131096] Hierarchical SRCU implementation.
[    0.132000] NMI watchdog: Perf event create on CPU 0 failed with -2
[    0.132002] NMI watchdog: Perf NMI watchdog permanently disabled
[    0.132804] smp: Bringing up secondary CPUs ...
[    0.133485] x86: Booting SMP configuration:
[    0.134059] .... node  #0, CPUs:      #1
[    0.004000] kvm-clock: cpu 1, msr 0:3ff44041, secondary cpu clock
[    0.136015] smp: Brought up 1 node, 2 CPUs
[    0.136592] smpboot: Max logical packages: 1
[    0.137186] smpboot: Total of 2 processors activated (13592.11 BogoMIPS)
[    0.138157] devtmpfs: initialized
[    0.140045] x86/mm: Memory block size: 128MB
[    0.140727] evm: security.selinux
[    0.141194] evm: security.SMACK64
[    0.141683] evm: security.SMACK64EXEC
[    0.142208] evm: security.SMACK64TRANSMUTE
[    0.142757] evm: security.SMACK64MMAP
[    0.143240] evm: security.apparmor
[    0.143707] evm: security.ima
[    0.144002] evm: security.capability
[    0.144515] clocksource: jiffies: mask: 0xffffffff max_cycles: 0xffffffff, max_idle_ns: 7645041785100000 ns
[    0.145403] futex hash table entries: 512 (order: 3, 32768 bytes)
[    0.146673] pinctrl core: initialized pinctrl subsystem
[    0.148081] RTC time: 22:04:28, date: 05/02/20
[    0.148825] NET: Registered protocol family 16
[    0.149501] audit: initializing netlink subsys (disabled)
[    0.150227] audit: type=2000 audit(1588457072.880:1): state=initialized audit_enabled=0 res=1
[    0.152016] cpuidle: using governor ladder
[    0.152607] cpuidle: using governor menu
[    0.153221] ACPI: bus type PCI registered
[    0.153841] acpiphp: ACPI Hot Plug PCI Controller Driver version: 0.5
[    0.154757] PCI: Using configuration type 1 for base access
[    0.156218] HugeTLB registered 2.00 MiB page size, pre-allocated 0 pages
[    0.157032] ACPI: Added _OSI(Module Device)
[    0.157032] ACPI: Added _OSI(Processor Device)
[    0.157264] ACPI: Added _OSI(3.0 _SCP Extensions)
[    0.157849] ACPI: Added _OSI(Processor Aggregator Device)
[    0.160003] ACPI: Added _OSI(Linux-Dell-Video)
[    0.160600] ACPI: Added _OSI(Linux-Lenovo-NV-HDMI-Audio)
[    0.161294] ACPI: Added _OSI(Linux-HPI-Hybrid-Graphics)
[    0.162308] ACPI: Executed 1 blocks of module-level executable AML code
[    0.165684] ACPI: Interpreter enabled
[    0.166176] ACPI: (supports S0 S5)
[    0.166925] ACPI: Using IOAPIC for interrupt routing
[    0.167764] PCI: Using host bridge windows from ACPI; if necessary, use "pci=nocrs" and report a bug
[    0.168114] ACPI: Enabled 2 GPEs in block 00 to 07
[    0.173823] ACPI: PCI Root Bridge [PCI0] (domain 0000 [bus 00-ff])
[    0.174658] acpi PNP0A03:00: _OSC: OS supports [ASPM ClockPM Segments MSI]
[    0.175869] acpi PNP0A03:00: _OSC: not requesting OS control; OS requires [ExtendedConfig ASPM ClockPM MSI]
[    0.176009] acpi PNP0A03:00: fail to add MMCONFIG information, can't access extended PCI configuration space under this bridge.
[    0.177749] PCI host bridge to bus 0000:00
[    0.178285] pci_bus 0000:00: root bus resource [io  0x0000-0x0cf7 window]
[    0.180002] pci_bus 0000:00: root bus resource [io  0x0d00-0xffff window]
[    0.180887] pci_bus 0000:00: root bus resource [mem 0x000a0000-0x000bffff window]
[    0.181947] pci_bus 0000:00: root bus resource [mem 0x40000000-0xfdffffff window]
[    0.182935] pci_bus 0000:00: root bus resource [bus 00-ff]
[    0.185060] pci 0000:00:01.1: legacy IDE quirk: reg 0x10: [io  0x01f0-0x01f7]
[    0.186042] pci 0000:00:01.1: legacy IDE quirk: reg 0x14: [io  0x03f6]
[    0.186904] pci 0000:00:01.1: legacy IDE quirk: reg 0x18: [io  0x0170-0x0177]
[    0.187772] pci 0000:00:01.1: legacy IDE quirk: reg 0x1c: [io  0x0376]
[    0.200838] pci 0000:00:07.0: quirk: [io  0x4000-0x403f] claimed by PIIX4 ACPI
[    0.201933] pci 0000:00:07.0: quirk: [io  0x4100-0x410f] claimed by PIIX4 SMB
[    0.206923] ACPI: PCI Interrupt Link [LNKA] (IRQs 5 9 10 *11)
[    0.208221] ACPI: PCI Interrupt Link [LNKB] (IRQs 5 9 *10 11)
[    0.209170] ACPI: PCI Interrupt Link [LNKC] (IRQs 5 *9 10 11)
[    0.210211] ACPI: PCI Interrupt Link [LNKD] (IRQs 5 9 10 *11)
[    0.211485] SCSI subsystem initialized
[    0.212049] pci 0000:00:02.0: vgaarb: setting as boot VGA device
[    0.212932] pci 0000:00:02.0: vgaarb: VGA device added: decodes=io+mem,owns=io+mem,locks=none
[    0.214234] pci 0000:00:02.0: vgaarb: bridge control possible
[    0.215141] vgaarb: loaded
[    0.215554] ACPI: bus type USB registered
[    0.216022] usbcore: registered new interface driver usbfs
[    0.216750] usbcore: registered new interface driver hub
[    0.217565] usbcore: registered new device driver usb
[    0.218279] EDAC MC: Ver: 3.0.0
[    0.218279] PCI: Using ACPI for IRQ routing
[    0.220192] NetLabel: Initializing
[    0.220677] NetLabel:  domain hash size = 128
[    0.221311] NetLabel:  protocols = UNLABELED CIPSOv4 CALIPSO
[    0.222074] NetLabel:  unlabeled traffic allowed by default
[    0.222844] clocksource: Switched to clocksource kvm-clock
[    0.229031] VFS: Disk quotas dquot_6.6.0
[    0.229616] VFS: Dquot-cache hash table entries: 512 (order 0, 4096 bytes)
[    0.230566] AppArmor: AppArmor Filesystem Enabled
[    0.231210] pnp: PnP ACPI init
[    0.232409] pnp: PnP ACPI: found 3 devices
[    0.240383] clocksource: acpi_pm: mask: 0xffffff max_cycles: 0xffffff, max_idle_ns: 2085701024 ns
[    0.241553] NET: Registered protocol family 2
[    0.242358] TCP established hash table entries: 8192 (order: 4, 65536 bytes)
[    0.243306] TCP bind hash table entries: 8192 (order: 5, 131072 bytes)
[    0.244655] TCP: Hash tables configured (established 8192 bind 8192)
[    0.245489] UDP hash table entries: 512 (order: 2, 16384 bytes)
[    0.246271] UDP-Lite hash table entries: 512 (order: 2, 16384 bytes)
[    0.247111] NET: Registered protocol family 1
[    0.247689] pci 0000:00:00.0: Limiting direct PCI/PCI transfers
[    0.248617] pci 0000:00:01.0: Activating ISA DMA hang workarounds
[    0.249426] pci 0000:00:02.0: Video device with shadowed ROM at [mem 0x000c0000-0x000dffff]
[    0.250524] Unpacking initramfs...
[    0.453802] Freeing initrd memory: 19208K
[    0.454395] clocksource: tsc: mask: 0xffffffffffffffff max_cycles: 0x30fb07ad39f, max_idle_ns: 440795254541 ns
[    0.455702] platform rtc_cmos: registered platform RTC device (no PNP device found)
[    0.456739] Scanning for low memory corruption every 60 seconds
[    0.458102] Initialise system trusted keyrings
[    0.458809] Key type blacklist registered
[    0.459414] workingset: timestamp_bits=36 max_order=18 bucket_order=0
[    0.461027] zbud: loaded
[    0.461798] squashfs: version 4.0 (2009/01/31) Phillip Lougher
[    0.462743] fuse init (API version 7.26)
[    0.464843] Key type asymmetric registered
[    0.465423] Asymmetric key parser 'x509' registered
[    0.466097] Block layer SCSI generic (bsg) driver version 0.4 loaded (major 246)
[    0.467128] io scheduler noop registered
[    0.467697] io scheduler deadline registered
[    0.468279] io scheduler cfq registered (default)
[    0.469095] ACPI: AC Adapter [AC] (on-line)
[    0.469694] input: Power Button as /devices/LNXSYSTM:00/LNXPWRBN:00/input/input0
[    0.470741] ACPI: Power Button [PWRF]
[    0.471284] input: Sleep Button as /devices/LNXSYSTM:00/LNXSLPBN:00/input/input1
[    0.472287] ACPI: Sleep Button [SLPF]
[    0.473178] Serial: 8250/16550 driver, 32 ports, IRQ sharing enabled
[    0.494461] 00:02: ttyS0 at I/O 0x3f8 (irq = 4, base_baud = 115200) is a 16550A
[    0.497784] Linux agpgart interface v0.103
[    0.500427] loop: module loaded
[    0.501298] scsi host0: ata_piix
[    0.501886] scsi host1: ata_piix
[    0.502388] ata1: PATA max UDMA/33 cmd 0x1f0 ctl 0x3f6 bmdma 0xd000 irq 14
[    0.503299] ata2: PATA max UDMA/33 cmd 0x170 ctl 0x376 bmdma 0xd008 irq 15
[    0.504309] libphy: Fixed MDIO Bus: probed
[    0.504825] tun: Universal TUN/TAP device driver, 1.6
[    0.505532] PPP generic driver version 2.4.2
[    0.506158] ehci_hcd: USB 2.0 'Enhanced' Host Controller (EHCI) Driver
[    0.507022] ehci-pci: EHCI PCI platform driver
[    0.507627] ehci-platform: EHCI generic platform driver
[    0.508364] ohci_hcd: USB 1.1 'Open' Host Controller (OHCI) Driver
[    0.509255] ohci-pci: OHCI PCI platform driver
[    0.509832] ohci-platform: OHCI generic platform driver
[    0.510506] uhci_hcd: USB Universal Host Controller Interface driver
[    0.511307] i8042: PNP: PS/2 Controller [PNP0303:PS2K,PNP0f03:PS2M] at 0x60,0x64 irq 1,12
[    0.512760] serio: i8042 KBD port at 0x60,0x64 irq 1
[    0.513438] serio: i8042 AUX port at 0x60,0x64 irq 12
[    0.514235] mousedev: PS/2 mouse device common for all mice
[    0.515389] input: AT Translated Set 2 keyboard as /devices/platform/i8042/serio0/input/input2
[    0.516090] rtc_cmos rtc_cmos: rtc core: registered rtc_cmos as rtc0
[    0.517504] rtc_cmos rtc_cmos: alarms up to one day, 114 bytes nvram
[    0.518341] i2c /dev entries driver
[    0.518878] device-mapper: uevent: version 1.0.3
[    0.519547] device-mapper: ioctl: 4.37.0-ioctl (2017-09-20) initialised: dm-devel@redhat.com
[    0.520737] ledtrig-cpu: registered to indicate activity on CPUs
[    0.521880] NET: Registered protocol family 10
[    0.525326] Segment Routing with IPv6
[    0.525883] NET: Registered protocol family 17
[    0.526552] Key type dns_resolver registered
[    0.527275] mce: Using 0 MCE banks
[    0.527785] RAS: Correctable Errors collector initialized.
[    0.528677] sched_clock: Marking stable (528658804, 0)->(643976739, -115317935)
[    0.530145] registered taskstats version 1
[    0.530829] Loading compiled-in X.509 certificates
[    0.534143] Loaded X.509 cert 'Build time autogenerated kernel key: 7480108fe56bba9284001dfb9078560125be4684'
[    0.536170] zswap: loaded using pool lzo/zbud
[    0.541101] Key type big_key registered
[    0.541852] Key type trusted registered
[    0.544102] Key type encrypted registered
[    0.544848] AppArmor: AppArmor sha1 policy hashing enabled
[    0.545810] ima: No TPM chip found, activating TPM-bypass! (rc=-19)
[    0.546914] ima: Allocated hash algorithm: sha1
[    0.547740] evm: HMAC attrs: 0x1
[    0.548511]   Magic number: 4:989:96
[    0.549297] rtc_cmos rtc_cmos: setting system clock to 2020-05-02 22:04:28 UTC (1588457068)
[    0.550925] BIOS EDD facility v0.16 2004-Jun-25, 0 devices found
[    0.552001] EDD information not available.
[    0.690899] Freeing unused kernel image memory: 2432K
[    0.704218] Write protecting the kernel read-only data: 20480k
[    0.707803] Freeing unused kernel image memory: 2008K
[    0.709277] Freeing unused kernel image memory: 1876K
[    0.716401] x86/mm: Checked W+X mappings: passed, no W+X pages found.
[    0.717480] x86/mm: Checking user space page tables
[    0.723888] x86/mm: Checked W+X mappings: passed, no W+X pages found.
Loading, please wait...
starting version 237
[    0.774676] e1000: Intel(R) PRO/1000 Network Driver - version 7.3.21-k8-NAPI
[    0.775691] e1000: Copyright (c) 1999-2006 Intel Corporation.
[    0.777687] Fusion MPT base driver 3.04.20
[    0.778270] Copyright (c) 1999-2008 LSI Corporation
[    0.781845] Fusion MPT SPI Host driver 3.04.20
[    0.798523] AVX2 version of gcm_enc/dec engaged.
[    0.799179] AES CTR mode by8 optimization enabled
[    0.986724] input: ImExPS/2 Generic Explorer Mouse as /devices/platform/i8042/serio1/input/input4
[    1.148320] e1000 0000:00:03.0 eth0: (PCI:33MHz:32-bit) 02:2b:21:86:a5:be
[    1.149248] e1000 0000:00:03.0 eth0: Intel(R) PRO/1000 Network Connection
[    1.150903] mptbase: ioc0: Initiating bringup
[    1.151928] e1000 0000:00:03.0 enp0s3: renamed from eth0
[    1.572948] ioc0: LSI53C1030 A0: Capabilities={Initiator}
[    4.576582] scsi host2: ioc0: LSI53C1030 A0, FwRev=00000000h, Ports=1, MaxQ=256, IRQ=20
[    8.477089] scsi 2:0:0:0: Direct-Access     VBOX     HARDDISK         1.0  PQ: 0 ANSI: 5
[    8.512158] scsi target2:0:0: Beginning Domain Validation
[    8.516512] scsi target2:0:0: Domain Validation skipping write tests
[    8.518291] scsi target2:0:0: Ending Domain Validation
[    8.519805] scsi target2:0:0: asynchronous
[    8.522161] scsi 2:0:1:0: Direct-Access     VBOX     HARDDISK         1.0  PQ: 0 ANSI: 5
[    8.552131] scsi target2:0:1: Beginning Domain Validation
[    8.555554] random: fast init done
[    8.556336] scsi target2:0:1: Domain Validation skipping write tests
[    8.557183] scsi target2:0:1: Ending Domain Validation
[    8.557933] scsi target2:0:1: asynchronous
[    8.561791] random: systemd-udevd: uninitialized urandom read (16 bytes read)
[    8.562763] random: systemd-udevd: uninitialized urandom read (16 bytes read)
[    8.563716] random: systemd-udevd: uninitialized urandom read (16 bytes read)
[    8.564968] sd 2:0:0:0: Attached scsi generic sg0 type 0
[    8.565105] sd 2:0:0:0: [sda] 20971520 512-byte logical blocks: (10.7 GB/10.0 GiB)
[    8.568731] sd 2:0:1:0: Attached scsi generic sg1 type 0
[    8.570573] sd 2:0:0:0: [sda] Write Protect is off
[    8.571615] sd 2:0:0:0: [sda] Incomplete mode parameter data
[    8.571645] sd 2:0:1:0: [sdb] 20480 512-byte logical blocks: (10.5 MB/10.0 MiB)
[    8.572981] sd 2:0:0:0: [sda] Assuming drive cache: write through
[    8.574772] sd 2:0:1:0: [sdb] Write Protect is off
[    8.575780] sd 2:0:1:0: [sdb] Incomplete mode parameter data
[    8.576572] sd 2:0:1:0: [sdb] Assuming drive cache: write through
[    8.606419]  sda: sda1
[    8.607455] sd 2:0:0:0: [sda] Attached SCSI disk
[    8.614066] sd 2:0:1:0: [sdb] Attached SCSI disk
Begin: Loading essential drivers ... [   10.000052] raid6: sse2x1   gen() 12620 MB/s
[   10.048047] raid6: sse2x1   xor()  8993 MB/s
[   10.096052] raid6: sse2x2   gen() 15417 MB/s
[   10.144051] raid6: sse2x2   xor()  9810 MB/s
[   10.192048] raid6: sse2x4   gen() 18016 MB/s
[   10.240062] raid6: sse2x4   xor() 11268 MB/s
[   10.288048] raid6: avx2x1   gen() 24852 MB/s
[   10.336048] raid6: avx2x1   xor() 16852 MB/s
[   10.384047] raid6: avx2x2   gen() 29187 MB/s
[   10.432043] raid6: avx2x2   xor() 17309 MB/s
[   10.480047] raid6: avx2x4   gen() 32807 MB/s
[   10.528036] raid6: avx2x4   xor() 20897 MB/s
[   10.528670] raid6: using algorithm avx2x4 gen() 32807 MB/s
[   10.529377] raid6: .... xor() 20897 MB/s, rmw enabled
[   10.530031] raid6: using avx2x2 recovery algorithm
[   10.531504] xor: automatically using best checksumming function   avx       
[   10.536179] async_tx: api initialized (async)
done.
Begin: Running /scripts/init-premount ... done.
Begin: Mounting root file system ... Begin: Running /scripts/local-top ... done.
Begin: Running /scripts/local-premount ... [   10.571162] Btrfs loaded, crc32c=crc32c-intel
Scanning for Btrfs filesystems
done.
Warning: fsck not present, so skipping root file system
[   10.640946] EXT4-fs (sda1): mounted filesystem with ordered data mode. Opts: (null)
done.
Begin: Running /scripts/local-bottom ... done.
Begin: Running /scripts/init-bottom ... done.
[   11.372669] ip_tables: (C) 2000-2006 Netfilter Core Team
[   11.407529] systemd[1]: systemd 237 running in system mode. (+PAM +AUDIT +SELINUX +IMA +APPARMOR +SMACK +SYSVINIT +UTMP +LIBCRYPTSETUP +GCRYPT +GNUTLS +ACL +XZ +LZ4 +SECCOMP +BLKID +ELFUTILS +KMOD -IDN2 +IDN -PCRE2 default-hierarchy=hybrid)
[   11.413925] systemd[1]: Detected virtualization oracle.
[   11.415184] systemd[1]: Detected architecture x86-64.

Welcome to [1mUbuntu 18.04.4 LTS[0m!

[   11.441133] systemd[1]: Set hostname to <ubuntu>.
[   11.460930] systemd[1]: Initializing machine ID from random generator.
[   11.462913] systemd[1]: Installed transient /etc/machine-id file.
[   12.279783] systemd[1]: Started Forward Password Requests to Wall Directory Watch.
[[0;32m  OK  [0m] Started Forward Password Requests to Wall Directory Watch.
[   12.282659] systemd[1]: Reached target System Time Synchronized.
[[0;32m  OK  [0m] Reached target System Time Synchronized.
[   12.287499] systemd[1]: Created slice System Slice.
[[0;32m  OK  [0m] Created slice System Slice.
[   12.289034] systemd[1]: Listening on Device-mapper event daemon FIFOs.
[[0;32m  OK  [0m] Listening on Device-mapper event daemon FIFOs.
[[0;32m  OK  [0m] Created slice system-serial\x2dgetty.slice.
[[0;32m  OK  [0m] Listening on Network Service Netlink Socket.
[[0;32m  OK  [0m] Listening on udev Kernel Socket.
[[0;32m  OK  [0m] Listening on Journal Socket (/dev/log).
[[0;32m  OK  [0m] Listening on Syslog Socket.
[[0;32m  OK  [0m] Reached target User and Group Name Lookups.
[[0;32m  OK  [0m] Listening on LVM2 poll daemon socket.
[[0;32m  OK  [0m] Listening on /dev/initctl Compatibility Named Pipe.
[[0;32m  OK  [0m] Reached target Swap.
[[0;32m  OK  [0m] Set up automount Arbitrary Executab…rmats File System Automount Point.
[[0;32m  OK  [0m] Listening on LVM2 metadata daemon socket.
[[0;32m  OK  [0m] Listening on Journal Socket.
         Mounting POSIX Message Queue File System...
         Mounting Kernel Debug File System...
         Starting Uncomplicated firewall...
         Starting Set the console keyboard layout...
         Starting Remount Root and Kernel File Systems...
         Starting Monitoring of LVM2 mirrors…ng dmeventd or progress polling...
         Mounting Huge Pages File System...
         Starting Load Kernel Modules...
[[0;32m  OK  [0m] Listening on udev Control Socket.
         Starting udev Coldplug all Devices...
         Starting Create list of required st…ce nodes for the current kernel...
[[0;32m  OK  [0m] Listening on Journal Audit Socket.
         Starting Journal Service...
[[0;32m  OK  [0m] Created slice User and Session Slice.
[[0;32m  OK  [0m] Reached target Slices.
[[0;32m  OK  [0m] Mounted POSIX Message Queue File System.
[[0;32m  OK  [0m] Mounted Kernel Debug File System.
[[0;32m  OK  [0m] Mounted Huge Pages File System.
[[0;32m  OK  [0m] Started Uncomplicated firewall.
[[0;32m  OK  [0m] Started Create list of required sta…vice nodes for the current kernel.
         Starting Create Static Device Nodes in /dev...
[[0;32m  OK  [0m] Started udev Coldplug all Devices.
[   12.820863] EXT4-fs (sda1): re-mounted. Opts: (null)
[[0;32m  OK  [0m] Started Journal Service.
[[0;32m  OK  [0m] Started Remount Root and Kernel File Systems.
         Starting Load/Save Random Seed...
[   12.865384] Loading iSCSI transport class v2.0-870.
[   12.876007] iscsi: registered transport (tcp)
         Starting Flush Journal to Persistent Storage...
[[0;32m  OK  [0m] Started Load/Save Random Seed.
[[0;32m  OK  [0m] Started LVM2 metadata daemon.
[[0;32m  OK  [0m] Started Set the console keyboard layout.
[   13.127845] systemd-journald[390]: Received request to flush runtime journal from PID 1
[   13.463625] random: crng init done
[   13.465755] random: 7 urandom warning(s) missed due to ratelimiting
[[0;32m  OK  [0m] Started Create Static Device Nodes in /dev.
         Starting udev Kernel Device Manager...
[   13.512471] iscsi: registered transport (iser)
[[0;32m  OK  [0m] Started Load Kernel Modules.
         Starting Apply Kernel Variables...
         Mounting FUSE Control File System...
         Mounting Kernel Configuration File System...
[[0;32m  OK  [0m] Mounted FUSE Control File System.
[[0;32m  OK  [0m] Mounted Kernel Configuration File System.
[[0;32m  OK  [0m] Started Monitoring of LVM2 mirrors,…sing dmeventd or progress polling.
[[0;32m  OK  [0m] Reached target Local File Systems (Pre).
[[0;32m  OK  [0m] Reached target Local File Systems.
         Starting ebtables ruleset management...
         Starting Set console font and keymap...
         Starting Commit a transient machine-id on disk...
         Starting AppArmor initialization...
         Starting Tell Plymouth To Write Out Runtime Data...
[[0;32m  OK  [0m] Started udev Kernel Device Manager.
[[0;32m  OK  [0m] Started Dispatch Password Requests to Console Directory Watch.
[[0;32m  OK  [0m] Reached target Local Encrypted Volumes.
[[0;32m  OK  [0m] Started Apply Kernel Variables.
[[0;32m  OK  [0m] Started Set console font and keymap.
[[0;32m  OK  [0m] Started Tell Plymouth To Write Out Runtime Data.
[[0;32m  OK  [0m] Started Flush Journal to Persistent Storage.
         Starting Create Volatile Files and Directories...
[[0;32m  OK  [0m] Started Commit a transient machine-id on disk.
[[0;32m  OK  [0m] Started Create Volatile Files and Directories.
         Starting Update UTMP about System Boot/Shutdown...
[[0;32m  OK  [0m] Started Update UTMP about System Boot/Shutdown.
[[0;32m  OK  [0m] Found device /dev/ttyS0.
[[0;32m  OK  [0m] Started ebtables ruleset management.
[[0;32m  OK  [0m] Listening on Load/Save RF Kill Switch Status /dev/rfkill Watch.
[[0;32m  OK  [0m] Started AppArmor initialization.
         Starting Initial cloud-init job (pre-networking)...
[   17.226382] cloud-init[536]: Cloud-init v. 19.4-33-gbb4131a2-0ubuntu1~18.04.1 running 'init-local' at Sat, 02 May 2020 22:04:44 +0000. Up 16.68 seconds.
[[0;32m  OK  [0m] Started Initial cloud-init job (pre-networking).
[[0;32m  OK  [0m] Reached target Network (Pre).
         Starting Network Service...
[[0;32m  OK  [0m] Started Network Service.
         Starting Wait for Network to be Configured...
         Starting Network Name Resolution...
[[0;32m  OK  [0m] Started Network Name Resolution.
[[0;32m  OK  [0m] Reached target Host and Network Name Lookups.
[[0;32m  OK  [0m] Reached target Network.
[[0;32m  OK  [0m] Started Wait for Network to be Configured.
         Starting Initial cloud-init job (metadata service crawler)...
[   19.602499] cloud-init[649]: Cloud-init v. 19.4-33-gbb4131a2-0ubuntu1~18.04.1 running 'init' at Sat, 02 May 2020 22:04:47 +0000. Up 19.44 seconds.
[   19.604701] cloud-init[649]: ci-info: ++++++++++++++++++++++++++++++++++++++Net device info++++++++++++++++++++++++++++++++++++++
[   19.616237] cloud-init[649]: ci-info: +--------+------+----------------------------+---------------+--------+-------------------+
[   19.617317] cloud-init[649]: ci-info: | Device |  Up  |          Address           |      Mask     | Scope  |     Hw-Address    |
[   19.619748] cloud-init[649]: ci-info: +--------+------+----------------------------+---------------+--------+-------------------+
[   19.621375] cloud-init[649]: ci-info: | enp0s3 | True |         10.0.2.15          | 255.255.255.0 | global | 02:2b:21:86:a5:be |
[   19.622570] cloud-init[649]: ci-info: | enp0s3 | True | fe80::2b:21ff:fe86:a5be/64 |       .       |  link  | 02:2b:21:86:a5:be |
[   19.623661] cloud-init[649]: ci-info: |   lo   | True |         127.0.0.1          |   255.0.0.0   |  host  |         .         |
[   19.636981] cloud-init[649]: ci-info: |   lo   | True |          ::1/128           |       .       |  host  |         .         |
[   19.652276] cloud-init[649]: ci-info: +--------+------+----------------------------+---------------+--------+-------------------+
[   19.664238] cloud-init[649]: ci-info: ++++++++++++++++++++++++++++Route IPv4 info+++++++++++++++++++++++++++++
[   19.665510] cloud-init[649]: ci-info: +-------+-------------+----------+-----------------+-----------+-------+
[   19.666708] cloud-init[649]: ci-info: | Route | Destination | Gateway  |     Genmask     | Interface | Flags |
[   19.668611] cloud-init[649]: ci-info: +-------+-------------+----------+-----------------+-----------+-------+
[   19.669534] cloud-init[649]: ci-info: |   0   |   0.0.0.0   | 10.0.2.2 |     0.0.0.0     |   enp0s3  |   UG  |
[   19.670414] cloud-init[649]: ci-info: |   1   |   10.0.2.0  | 0.0.0.0  |  255.255.255.0  |   enp0s3  |   U   |
[   19.671297] cloud-init[649]: ci-info: |   2   |   10.0.2.2  | 0.0.0.0  | 255.255.255.255 |   enp0s3  |   UH  |
[   19.688184] cloud-init[649]: ci-info: +-------+-------------+----------+-----------------+-----------+-------+
[   19.689149] cloud-init[649]: ci-info: +++++++++++++++++++Route IPv6 info+++++++++++++++++++
[   19.690026] cloud-init[649]: ci-info: +-------+-------------+---------+-----------+-------+
[   19.704278] cloud-init[649]: ci-info: | Route | Destination | Gateway | Interface | Flags |
[   19.705359] cloud-init[649]: ci-info: +-------+-------------+---------+-----------+-------+
[   19.706972] cloud-init[649]: ci-info: |   1   |  fe80::/64  |    ::   |   enp0s3  |   U   |
[   19.707903] cloud-init[649]: ci-info: |   3   |    local    |    ::   |   enp0s3  |   U   |
[   19.708964] cloud-init[649]: ci-info: |   4   |   ff00::/8  |    ::   |   enp0s3  |   U   |
[   19.709870] cloud-init[649]: ci-info: +-------+-------------+---------+-----------+-------+
[   21.247781] cloud-init[649]: Generating public/private rsa key pair.
[   21.272607] cloud-init[649]: Your identification has been saved in /etc/ssh/ssh_host_rsa_key.
[   21.273565] cloud-init[649]: Your public key has been saved in /etc/ssh/ssh_host_rsa_key.pub.
[   21.274306] cloud-init[649]: The key fingerprint is:
[   21.274758] cloud-init[649]: SHA256:roVuTbkV1FK6nGet8vsi/XkMQcefS9h23S12twB+zd0 root@ubuntu-bionic
[   21.276402] cloud-init[649]: The key's randomart image is:
[   21.288383] cloud-init[649]: +---[RSA 2048]----+
[   21.288908] cloud-init[649]: |           o.  . |
[   21.289431] cloud-init[649]: |          oo. . o|
[   21.289872] cloud-init[649]: |         .o...=.O|
[   21.290238] cloud-init[649]: |         ..+ =+BE|
[   21.290646] cloud-init[649]: |        S.+.+.=+=|
[   21.291016] cloud-init[649]: |       oo .o ..o |
[   21.291391] cloud-init[649]: |      .ooo...  o |
[   21.291833] cloud-init[649]: |     ..oo .oo  .o|
[   21.292326] cloud-init[649]: |     .o    .o=+. |
[   21.292740] cloud-init[649]: +----[SHA256]-----+
[   21.293180] cloud-init[649]: Generating public/private dsa key pair.
[   21.293729] cloud-init[649]: Your identification has been saved in /etc/ssh/ssh_host_dsa_key.
[   21.294541] cloud-init[649]: Your public key has been saved in /etc/ssh/ssh_host_dsa_key.pub.
[   21.295393] cloud-init[649]: The key fingerprint is:
[   21.295780] cloud-init[649]: SHA256:DuSyrsTKMjdq0qM7dUPTnFkWetoYP4zWqbQaKEVrQ3E root@ubuntu-bionic
[   21.296522] cloud-init[649]: The key's randomart image is:
[   21.297033] cloud-init[649]: +---[DSA 1024]----+
[   21.297358] cloud-init[649]: |  . E   ..       |
[   21.297794] cloud-init[649]: |   o   .o        |
[   21.298147] cloud-init[649]: |  o  o+=.        |
[   21.298497] cloud-init[649]: | o .oo=@ .       |
[   21.298855] cloud-init[649]: |  =...O S        |
[   21.299111] cloud-init[649]: | +.oo= = .       |
[   21.299471] cloud-init[649]: |.o+.o.o .        |
[   21.299837] cloud-init[649]: |*==. o           |
[   21.300226] cloud-init[649]: |OO.+o            |
[   21.300537] cloud-init[649]: +----[SHA256]-----+
[   21.300949] cloud-init[649]: Generating public/private ecdsa key pair.
[   21.301478] cloud-init[649]: Your identification has been saved in /etc/ssh/ssh_host_ecdsa_key.
[   21.302182] cloud-init[649]: Your public key has been saved in /etc/ssh/ssh_host_ecdsa_key.pub.
[   21.302879] cloud-init[649]: The key fingerprint is:
[   21.303263] cloud-init[649]: SHA256:pLO9+t7NIxFYYFaproqf7lOxysjhE8ntsEgT/0nNv1s root@ubuntu-bionic
[   21.304026] cloud-init[649]: The key's randomart image is:
[   21.304508] cloud-init[649]: +---[ECDSA 256]---+
[   21.304934] cloud-init[649]: |        +o..     |
[   21.305344] cloud-init[649]: |       o  o      |
[   21.305708] cloud-init[649]: |        .+       |
[   21.306111] cloud-init[649]: | .    .oo .      |
[   21.306515] cloud-init[649]: | .oo  =+S  .     |
[   21.306937] cloud-init[649]: | o*...o*. .      |
[   21.318719] [[0;32m  OK  [0m] Started Initial cloud-init job (metadata service crawler).
[[0;32m  OK  [0m] Reached target Network is Online.
cloud-init[649]: |.+.Oooo.o  E     |
[   21.320181] cloud-init[649]: |. *.=+.  +oo.    |
         Starting Availability of block devices...
[   21.332584] [[0;32m  OK  [0m] Reached target Remote File Systems (Pre).
[[0;32m  OK  [0m] Reached target Remote File Systems.
[[0;32m  OK  [0m] Reached target Cloud-config availability.
[[0;32m  OK  [0m] Reached target System Initialization.
[[0;32m  OK  [0m] Listening on ACPID Listen Socket.
[[0;32m  OK  [0m] Listening on UUID daemon activation socket.
cloud-init[649]: |  .=*o.++o+.o.   |
         Starting Socket activation for snappy daemon.
[   21.338061] cloud-init[649]: [[0;32m  OK  [0m] Started Daily apt download activities.
+----[SHA256]-----+
[[0;32m  OK  [0m] Started Discard unused blocks once a week.
[   21.339060] cloud-init[649]: Generating public/private ed25519 key pair.
[   21.339656] cloud-init[649]: Your identification has been saved in /etc/ssh/ssh_host_ed25519_key.
[   21.340550] cloud-init[649]: Your public key has been saved in /etc/ssh/ssh_host_ed25519_key.pub.
[   21.341448] cloud-init[649]: The key fingerprint is:
         Starting LXD - unix socket.
[   21.356526] [[0;32m  OK  [0m] Listening on Open-iSCSI iscsid Socket.
cloud-init[649]: SHA256:O3WAR5t8vTEETudFRXzU4vOtfr+/WzHzR4hGQCKKDFc root@ubuntu-bionic
[[0;32m  OK  [0m] Started ACPI Events Check.
[   21.372615] [[0;32m  OK  [0m] Reached target Paths.
[[0;32m  OK  [0m] Started Daily Cleanup of Temporary Directories.
cloud-init[649]: The key's randomart image is:
[[0;32m  OK  [0m] Started Message of the Day.
[   21.388482] cloud-init[649]: [[0;32m  OK  [0m] Started Daily apt upgrade and clean activities.
[[0;32m  OK  [0m] Reached target Timers.
[[0;32m  OK  [0m] Listening on D-Bus System Message Bus Socket.
+--[ED25519 256]--+
[[0;32m  OK  [0m] Started Availability of block devices.
[   21.400726] cloud-init[[0;32m  OK  [0m] Listening on Socket activation for snappy daemon.
[649]: |. ..E . ..+ o.o=O|
[[0;32m  OK  [0m] Listening on LXD - unix socket.
[   21.402037] cloud-init[[0;32m  OK  [0m] Reached target Sockets.
[[0;32m  OK  [0m] Reached target Basic System.
[649]: | + . . . = * =..+|
[   21.403458] cloud-init[649]: |  o .   . * +.=..|
[[0;32m  OK  [0m] Started Regular background program processing daemon.
[   21.404741] cloud-init[649]: |         . + .o= |
         Starting LSB: Record successful boot for GRUB...
[   21.416699] cloud-init[649]: |        S . + o*o|
[   21.428914] cloud-init[[0;32m  OK  [0m] Started FUSE filesystem for LXC.
[649]: |         o o   .B|
[   21.429720] cloud-init[649]: |        o      .+|
         Starting Pollinate to seed the pseudo random number generator...
[   21.448622] cloud-init[649]: |         .    . +|
[   21.449230]          Starting Accounts Service...
[[0;32m  OK  [0m] Started Deferred execution scheduler.
cloud-init[649]: |             ..=O|
[   21.451721] cloud-init[649]: +----[SHA256]-----+
[[0;32m  OK  [0m] Started irqbalance daemon.
         Starting Permit User Sessions...
         Starting Dispatcher daemon for systemd-networkd...
         Starting LXD - container startup/shutdown...
         Starting Virtualbox guest utils...
         Starting Login Service...
         Starting System Logging Service...
         Starting LSB: automatic crash report generation...
[[0;32m  OK  [0m] Started D-Bus System Message Bus.
         Starting Snappy daemon...
[[0;32m  OK  [0m] Started System Logging Service.
[[0;32m  OK  [0m] Started Permit User Sessions.
[[0;32m  OK  [0m] Started Login Service.
[[0;32m  OK  [0m] Started Unattended Upgrades Shutdown.
         Starting Terminate Plymouth Boot Screen...
         Starting Hold until boot process finishes up...
[[0;32m  OK  [0m] Started Hold until boot process finishes up.
[[0;32m  OK  [0m] Started Serial Getty on ttyS0.
         Starting Set console scheme...
[[0;32m  OK  [0m] Started Terminate Plymouth Boot Screen.
         Starting Authorization Manager...
[[0;32m  OK  [0m] Started Set console scheme.
[[0;32m  OK  [0m] Created slice system-getty.slice.
[[0;32m  OK  [0m] Started Getty on tty1.
[[0;32m  OK  [0m] Reached target Login Prompts.
[[0;32m  OK  [0m] Started LSB: automatic crash report generation.
[[0;32m  OK  [0m] Started Authorization Manager.
[[0;32m  OK  [0m] Started Accounts Service.
[[0;32m  OK  [0m] Started LSB: Record successful boot for GRUB.
[[0;32m  OK  [0m] Started Virtualbox guest utils.
[[0;32m  OK  [0m] Started Dispatcher daemon for systemd-networkd.
[[0;32m  OK  [0m] Started LXD - container startup/shutdown.
[[0;32m  OK  [0m] Started Snappy daemon.
         Starting Wait until snapd is fully seeded...
[[0;32m  OK  [0m] Started Pollinate to seed the pseudo random number generator.
         Starting OpenBSD Secure Shell server...
[[0;32m  OK  [0m] Started OpenBSD Secure Shell server.
[[0;32m  OK  [0m] Created slice User Slice of vagrant.
         Starting User Manager for UID 1000...
[[0;32m  OK  [0m] Started Session 1 of user vagrant.
[[0;32m  OK  [0m] Started Wait until snapd is fully seeded.
         Starting Apply the settings specified in cloud-config...
[[0;32m  OK  [0m] Reached target Multi-User System.
[[0;32m  OK  [0m] Reached target Graphical Interface.
         Starting Update UTMP about System Runlevel Changes...
[[0;32m  OK  [0m] Started Update UTMP about System Runlevel Changes.
[[0;32m  OK  [0m] Started User Manager for UID 1000.
[   27.998452] cloud-init[1306]: Cloud-init v. 19.4-33-gbb4131a2-0ubuntu1~18.04.1 running 'modules:config' at Sat, 02 May 2020 22:04:54 +0000. Up 26.33 seconds.

Ubuntu 18.04.4 LTS ubuntu-bionic ttyS0

ubuntu-bionic login: ci-info: no authorized SSH keys fingerprints found for user ubuntu.
<14>May  2 22:04:56 ec2: 
<14>May  2 22:04:56 ec2: #############################################################
<14>May  2 22:04:56 ec2: -----BEGIN SSH HOST KEY FINGERPRINTS-----
<14>May  2 22:04:56 ec2: 1024 SHA256:DuSyrsTKMjdq0qM7dUPTnFkWetoYP4zWqbQaKEVrQ3E root@ubuntu-bionic (DSA)
<14>May  2 22:04:56 ec2: 256 SHA256:pLO9+t7NIxFYYFaproqf7lOxysjhE8ntsEgT/0nNv1s root@ubuntu-bionic (ECDSA)
<14>May  2 22:04:56 ec2: 256 SHA256:O3WAR5t8vTEETudFRXzU4vOtfr+/WzHzR4hGQCKKDFc root@ubuntu-bionic (ED25519)
<14>May  2 22:04:56 ec2: 2048 SHA256:roVuTbkV1FK6nGet8vsi/XkMQcefS9h23S12twB+zd0 root@ubuntu-bionic (RSA)
<14>May  2 22:04:56 ec2: -----END SSH HOST KEY FINGERPRINTS-----
<14>May  2 22:04:56 ec2: #############################################################
-----BEGIN SSH HOST KEY KEYS-----
ecdsa-sha2-nistp256 AAAAE2VjZHNhLXNoYTItbmlzdHAyNTYAAAAIbmlzdHAyNTYAAABBBM7pf30Hjphp2JtwP5vovTNVNaVyCnoMyVcgVtV8BdgDQHpkSCnAKmcq9jJsIg0jVaoa4aUsLChML7u8N3BbgfU= root@ubuntu-bionic
ssh-ed25519 AAAAC3NzaC1lZDI1NTE5AAAAIKrJGmW1JfUqUYCpIsbG/GQEczVTTGUU8+WJpMrAai2+ root@ubuntu-bionic
ssh-rsa AAAAB3NzaC1yc2EAAAADAQABAAABAQC5USCAYv4Hx0goUDBG1xsQSKI3/de/u9eJo0nJ/eQUJijkORTJfehVxufYOJ+8FU9UHILoA7mTQyv691Qpx1uQyFYK5Jbz18PUKEJ1c7rk+aYdziOETK5p7t4XucKoz33CArSdYqhhElxrVTtLO9d2fb7dPko9Flt/qgl760RfIWt7bNdpx7bYEuc2Px3IHCFwJ6R2aaEazAlRm+iF15tD+2niTEKRhbxr0/9Uzhp5kDyg4qOQ+f1ttM16yOZcQRPUlyW6VAi+O+QwT0XBSiVc4F2QvshNiKFltjQMPW4+vK/4wwEj/n7TurgLrSjeIpIeCIpr6XprNOY3uecNBcZz root@ubuntu-bionic
-----END SSH HOST KEY KEYS-----
[   28.520360] cloud-init[1424]: Cloud-init v. 19.4-33-gbb4131a2-0ubuntu1~18.04.1 running 'modules:final' at Sat, 02 May 2020 22:04:56 +0000. Up 28.34 seconds.
[   28.520486] cloud-init[1424]: ci-info: no authorized SSH keys fingerprints found for user ubuntu.
[   28.520801] cloud-init[1424]: Cloud-init v. 19.4-33-gbb4131a2-0ubuntu1~18.04.1 finished at Sat, 02 May 2020 22:04:56 +0000. Datasource DataSourceNoCloud [seed=/dev/sdb][dsmode=net].  Up 28.51 seconds
